  Village.cpp
c:\users\a10\desktop\woochancho\1 (1)\1\draw.h(20): warning C4838: 'int'에서 'SHORT'(으)로의 변환에는 축소 변환이 필요합니다.
c:\users\a10\desktop\woochancho\1 (1)\1\village.cpp(10): warning C4996: 'sprintf': This function or variable may be unsafe. Consider using sprintf_s instead. To disable deprecation, use _CRT_SECURE_NO_WARNINGS. See online help for details.
  c:\program files (x86)\windows kits\10\include\10.0.17763.0\ucrt\stdio.h(1774): note: 'sprintf' 선언을 참조하십시오.
c:\users\a10\desktop\woochancho\1 (1)\1\village.cpp(24): warning C4244: '인수': 'double'에서 'int'(으)로 변환하면서 데이터가 손실될 수 있습니다.
c:\users\a10\desktop\woochancho\1 (1)\1\village.cpp(42): warning C4244: '인수': 'double'에서 'int'(으)로 변환하면서 데이터가 손실될 수 있습니다.
c:\users\a10\desktop\woochancho\1 (1)\1\village.cpp(44): warning C4244: '인수': 'double'에서 'int'(으)로 변환하면서 데이터가 손실될 수 있습니다.
c:\users\a10\desktop\woochancho\1 (1)\1\village.cpp(46): warning C4244: '인수': 'double'에서 'int'(으)로 변환하면서 데이터가 손실될 수 있습니다.
c:\users\a10\desktop\woochancho\1 (1)\1\village.cpp(48): warning C4244: '인수': 'double'에서 'int'(으)로 변환하면서 데이터가 손실될 수 있습니다.
c:\users\a10\desktop\woochancho\1 (1)\1\village.cpp(50): warning C4244: '인수': 'double'에서 'int'(으)로 변환하면서 데이터가 손실될 수 있습니다.
c:\users\a10\desktop\woochancho\1 (1)\1\village.cpp(52): warning C4244: '인수': 'double'에서 'int'(으)로 변환하면서 데이터가 손실될 수 있습니다.
c:\users\a10\desktop\woochancho\1 (1)\1\village.cpp(54): warning C4244: '인수': 'double'에서 'int'(으)로 변환하면서 데이터가 손실될 수 있습니다.
c:\users\a10\desktop\woochancho\1 (1)\1\village.cpp(56): warning C4244: '인수': 'double'에서 'int'(으)로 변환하면서 데이터가 손실될 수 있습니다.
c:\users\a10\desktop\woochancho\1 (1)\1\village.cpp(78): warning C4244: '인수': 'double'에서 'int'(으)로 변환하면서 데이터가 손실될 수 있습니다.
c:\users\a10\desktop\woochancho\1 (1)\1\village.cpp(103): warning C4244: '인수': 'double'에서 'int'(으)로 변환하면서 데이터가 손실될 수 있습니다.
c:\users\a10\desktop\woochancho\1 (1)\1\village.cpp(104): warning C4244: '인수': 'double'에서 'int'(으)로 변환하면서 데이터가 손실될 수 있습니다.
c:\users\a10\desktop\woochancho\1 (1)\1\village.cpp(105): warning C4244: '인수': 'double'에서 'int'(으)로 변환하면서 데이터가 손실될 수 있습니다.
c:\users\a10\desktop\woochancho\1 (1)\1\village.cpp(106): warning C4244: '인수': 'double'에서 'int'(으)로 변환하면서 데이터가 손실될 수 있습니다.
c:\users\a10\desktop\woochancho\1 (1)\1\village.cpp(112): warning C4244: '인수': 'double'에서 'int'(으)로 변환하면서 데이터가 손실될 수 있습니다.
c:\users\a10\desktop\woochancho\1 (1)\1\village.cpp(115): warning C4244: '인수': 'double'에서 'int'(으)로 변환하면서 데이터가 손실될 수 있습니다.
c:\users\a10\desktop\woochancho\1 (1)\1\village.cpp(118): warning C4244: '인수': 'double'에서 'int'(으)로 변환하면서 데이터가 손실될 수 있습니다.
c:\users\a10\desktop\woochancho\1 (1)\1\village.cpp(119): warning C4244: '인수': 'double'에서 'int'(으)로 변환하면서 데이터가 손실될 수 있습니다.
c:\users\a10\desktop\woochancho\1 (1)\1\village.cpp(179): warning C4244: '인수': 'double'에서 'int'(으)로 변환하면서 데이터가 손실될 수 있습니다.
c:\users\a10\desktop\woochancho\1 (1)\1\village.cpp(182): warning C4244: '인수': 'double'에서 'int'(으)로 변환하면서 데이터가 손실될 수 있습니다.
c:\users\a10\desktop\woochancho\1 (1)\1\village.cpp(188): warning C4244: '인수': 'double'에서 'int'(으)로 변환하면서 데이터가 손실될 수 있습니다.
c:\users\a10\desktop\woochancho\1 (1)\1\village.cpp(189): warning C4244: '인수': 'double'에서 'int'(으)로 변환하면서 데이터가 손실될 수 있습니다.
c:\users\a10\desktop\woochancho\1 (1)\1\village.cpp(199): warning C4244: '인수': 'double'에서 'int'(으)로 변환하면서 데이터가 손실될 수 있습니다.
c:\users\a10\desktop\woochancho\1 (1)\1\village.cpp(207): warning C4244: '인수': 'double'에서 'int'(으)로 변환하면서 데이터가 손실될 수 있습니다.
c:\users\a10\desktop\woochancho\1 (1)\1\village.cpp(234): warning C4244: '인수': 'double'에서 'int'(으)로 변환하면서 데이터가 손실될 수 있습니다.
c:\users\a10\desktop\woochancho\1 (1)\1\village.cpp(249): warning C4244: '인수': 'double'에서 'int'(으)로 변환하면서 데이터가 손실될 수 있습니다.
c:\users\a10\desktop\woochancho\1 (1)\1\village.cpp(251): warning C4244: '인수': 'double'에서 'int'(으)로 변환하면서 데이터가 손실될 수 있습니다.
c:\users\a10\desktop\woochancho\1 (1)\1\village.cpp(252): warning C4244: '인수': 'double'에서 'int'(으)로 변환하면서 데이터가 손실될 수 있습니다.
  1.vcxproj -> C:\Users\A10\Desktop\woochancho\1 (1)\x64\Debug\1.exe
