  Game.cpp
c:\users\user\desktop\깃허브\woochancho\지뢰찾기\지뢰찾기\draw.h(25): warning C4838: 'int'에서 'SHORT'(으)로의 변환에는 축소 변환이 필요합니다.
c:\users\user\desktop\깃허브\woochancho\지뢰찾기\지뢰찾기\game.cpp(7): warning C4311: '형식 캐스트': 'time_t (__cdecl *)(time_t *const )'에서 'unsigned int'(으)로 포인터가 잘립니다.
c:\users\user\desktop\깃허브\woochancho\지뢰찾기\지뢰찾기\game.cpp(7): warning C4302: '형식 캐스트': 'time_t (__cdecl *)(time_t *const )'에서 'unsigned int'(으)로 잘립니다.
c:\users\user\desktop\깃허브\woochancho\지뢰찾기\지뢰찾기\game.cpp(19): warning C4244: '인수': 'double'에서 'int'(으)로 변환하면서 데이터가 손실될 수 있습니다.
c:\users\user\desktop\깃허브\woochancho\지뢰찾기\지뢰찾기\game.cpp(20): warning C4244: '인수': 'double'에서 'int'(으)로 변환하면서 데이터가 손실될 수 있습니다.
c:\users\user\desktop\깃허브\woochancho\지뢰찾기\지뢰찾기\game.cpp(21): warning C4244: '인수': 'double'에서 'int'(으)로 변환하면서 데이터가 손실될 수 있습니다.
c:\users\user\desktop\깃허브\woochancho\지뢰찾기\지뢰찾기\game.cpp(22): warning C4244: '인수': 'double'에서 'int'(으)로 변환하면서 데이터가 손실될 수 있습니다.
c:\users\user\desktop\깃허브\woochancho\지뢰찾기\지뢰찾기\game.cpp(23): warning C4244: '인수': 'double'에서 'int'(으)로 변환하면서 데이터가 손실될 수 있습니다.
c:\users\user\desktop\깃허브\woochancho\지뢰찾기\지뢰찾기\game.cpp(40): warning C4996: 'sprintf': This function or variable may be unsafe. Consider using sprintf_s instead. To disable deprecation, use _CRT_SECURE_NO_WARNINGS. See online help for details.
  c:\program files (x86)\windows kits\10\include\10.0.17763.0\ucrt\stdio.h(1774): note: 'sprintf' 선언을 참조하십시오.
c:\users\user\desktop\깃허브\woochancho\지뢰찾기\지뢰찾기\game.cpp(51): warning C4244: '인수': 'double'에서 'int'(으)로 변환하면서 데이터가 손실될 수 있습니다.
c:\users\user\desktop\깃허브\woochancho\지뢰찾기\지뢰찾기\game.cpp(52): warning C4244: '인수': 'double'에서 'int'(으)로 변환하면서 데이터가 손실될 수 있습니다.
c:\users\user\desktop\깃허브\woochancho\지뢰찾기\지뢰찾기\game.cpp(53): warning C4244: '인수': 'double'에서 'int'(으)로 변환하면서 데이터가 손실될 수 있습니다.
c:\users\user\desktop\깃허브\woochancho\지뢰찾기\지뢰찾기\game.cpp(54): warning C4244: '인수': 'double'에서 'int'(으)로 변환하면서 데이터가 손실될 수 있습니다.
c:\users\user\desktop\깃허브\woochancho\지뢰찾기\지뢰찾기\game.cpp(55): warning C4244: '인수': 'double'에서 'int'(으)로 변환하면서 데이터가 손실될 수 있습니다.
c:\users\user\desktop\깃허브\woochancho\지뢰찾기\지뢰찾기\game.cpp(95): warning C4244: '인수': 'double'에서 'int'(으)로 변환하면서 데이터가 손실될 수 있습니다.
c:\users\user\desktop\깃허브\woochancho\지뢰찾기\지뢰찾기\game.cpp(103): warning C4244: '인수': 'double'에서 'int'(으)로 변환하면서 데이터가 손실될 수 있습니다.
  Play.cpp
c:\users\user\desktop\깃허브\woochancho\지뢰찾기\지뢰찾기\draw.h(25): warning C4838: 'int'에서 'SHORT'(으)로의 변환에는 축소 변환이 필요합니다.
c:\users\user\desktop\깃허브\woochancho\지뢰찾기\지뢰찾기\play.cpp(51): warning C4244: '=': 'double'에서 'int'(으)로 변환하면서 데이터가 손실될 수 있습니다.
c:\users\user\desktop\깃허브\woochancho\지뢰찾기\지뢰찾기\play.cpp(52): warning C4244: '=': 'double'에서 'int'(으)로 변환하면서 데이터가 손실될 수 있습니다.
c:\users\user\desktop\깃허브\woochancho\지뢰찾기\지뢰찾기\play.cpp(152): warning C4996: 'kbhit': The POSIX name for this item is deprecated. Instead, use the ISO C and C++ conformant name: _kbhit. See online help for details.
  c:\program files (x86)\windows kits\10\include\10.0.17763.0\ucrt\conio.h(459): note: 'kbhit' 선언을 참조하십시오.
c:\users\user\desktop\깃허브\woochancho\지뢰찾기\지뢰찾기\play.cpp(154): warning C4996: 'getch': The POSIX name for this item is deprecated. Instead, use the ISO C and C++ conformant name: _getch. See online help for details.
  c:\program files (x86)\windows kits\10\include\10.0.17763.0\ucrt\conio.h(453): note: 'getch' 선언을 참조하십시오.
  main.cpp
c:\users\user\desktop\깃허브\woochancho\지뢰찾기\지뢰찾기\draw.h(25): warning C4838: 'int'에서 'SHORT'(으)로의 변환에는 축소 변환이 필요합니다.
c:\users\user\desktop\깃허브\woochancho\지뢰찾기\지뢰찾기\main.cpp(4): warning C4326: 'main'의 반환 형식이 'int'이어야 하는데 'void'입니다.
  코드를 생성하고 있습니다...
c:\users\user\desktop\깃허브\woochancho\지뢰찾기\지뢰찾기\play.cpp(229): warning C4715: 'Play::DrawAssist': 모든 제어 경로에서 값을 반환하지는 않습니다.
  지뢰찾기.vcxproj -> C:\Users\user\Desktop\깃허브\woochancho\지뢰찾기\x64\Debug\지뢰찾기.exe
