  Draw.cpp
c:\users\a10\desktop\woochancho\베네치아\베네치아\draw.h(24): warning C4838: 'int'에서 'SHORT'(으)로의 변환에는 축소 변환이 필요합니다.
c:\users\a10\desktop\woochancho\베네치아\베네치아\draw.cpp(37): warning C4018: '>': signed 또는 unsigned가 일치하지 않습니다.
c:\users\a10\desktop\woochancho\베네치아\베네치아\draw.cpp(55): warning C4244: '인수': 'double'에서 'int'(으)로 변환하면서 데이터가 손실될 수 있습니다.
c:\users\a10\desktop\woochancho\베네치아\베네치아\draw.cpp(139): warning C4996: 'getch': The POSIX name for this item is deprecated. Instead, use the ISO C and C++ conformant name: _getch. See online help for details.
  c:\program files (x86)\windows kits\10\include\10.0.17763.0\ucrt\conio.h(453): note: 'getch' 선언을 참조하십시오.
c:\users\a10\desktop\woochancho\베네치아\베네치아\draw.cpp(171): warning C4244: '인수': 'double'에서 'int'(으)로 변환하면서 데이터가 손실될 수 있습니다.
  Play.cpp
c:\users\a10\desktop\woochancho\베네치아\베네치아\draw.h(24): warning C4838: 'int'에서 'SHORT'(으)로의 변환에는 축소 변환이 필요합니다.
c:\users\a10\desktop\woochancho\베네치아\베네치아\play.cpp(8): warning C4996: 'sprintf': This function or variable may be unsafe. Consider using sprintf_s instead. To disable deprecation, use _CRT_SECURE_NO_WARNINGS. See online help for details.
  c:\program files (x86)\windows kits\10\include\10.0.17763.0\ucrt\stdio.h(1774): note: 'sprintf' 선언을 참조하십시오.
c:\users\a10\desktop\woochancho\베네치아\베네치아\play.cpp(20): warning C4244: '인수': 'double'에서 'int'(으)로 변환하면서 데이터가 손실될 수 있습니다.
c:\users\a10\desktop\woochancho\베네치아\베네치아\play.cpp(21): warning C4244: '인수': 'double'에서 'int'(으)로 변환하면서 데이터가 손실될 수 있습니다.
c:\users\a10\desktop\woochancho\베네치아\베네치아\play.cpp(22): warning C4244: '인수': 'double'에서 'int'(으)로 변환하면서 데이터가 손실될 수 있습니다.
c:\users\a10\desktop\woochancho\베네치아\베네치아\play.cpp(23): warning C4244: '인수': 'double'에서 'int'(으)로 변환하면서 데이터가 손실될 수 있습니다.
c:\users\a10\desktop\woochancho\베네치아\베네치아\play.cpp(24): warning C4244: '인수': 'double'에서 'int'(으)로 변환하면서 데이터가 손실될 수 있습니다.
  Rank.cpp
c:\users\a10\desktop\woochancho\베네치아\베네치아\draw.h(24): warning C4838: 'int'에서 'SHORT'(으)로의 변환에는 축소 변환이 필요합니다.
  소스.cpp
c:\users\a10\desktop\woochancho\베네치아\베네치아\소스.cpp(1): fatal error C1083: 포함 파일을 열 수 없습니다. 'Game.h': No such file or directory
  코드를 생성하고 있습니다...
