  main.cpp
c:\work\woochancho\제출\simplerpg\simplerpg\mecro.h(8): error C2011: 'objectstat': 'struct' 형식 재정의
  c:\work\woochancho\제출\simplerpg\simplerpg\mecro.h(8): note: 'objectstat' 선언을 참조하십시오.
c:\work\woochancho\제출\simplerpg\simplerpg\mecro.h(17): error C2572: 'MakeStat': 기본 인수 재정의. 매개 변수 1
  c:\work\woochancho\제출\simplerpg\simplerpg\mecro.h(17): note: 'MakeStat' 선언을 참조하십시오.
c:\work\woochancho\제출\simplerpg\simplerpg\mecro.h(17): error C2572: 'MakeStat': 기본 인수 재정의. 매개 변수 2
  c:\work\woochancho\제출\simplerpg\simplerpg\mecro.h(17): note: 'MakeStat' 선언을 참조하십시오.
c:\work\woochancho\제출\simplerpg\simplerpg\mecro.h(17): error C2572: 'MakeStat': 기본 인수 재정의. 매개 변수 3
  c:\work\woochancho\제출\simplerpg\simplerpg\mecro.h(17): note: 'MakeStat' 선언을 참조하십시오.
c:\work\woochancho\제출\simplerpg\simplerpg\mecro.h(17): error C2572: 'MakeStat': 기본 인수 재정의. 매개 변수 4
  c:\work\woochancho\제출\simplerpg\simplerpg\mecro.h(17): note: 'MakeStat' 선언을 참조하십시오.
c:\work\woochancho\제출\simplerpg\simplerpg\mecro.h(18): error C2084: 'ObjectStat *MakeStat(std::string,int,int,int,int)' 함수에 이미 본문이 있습니다.
  c:\work\woochancho\제출\simplerpg\simplerpg\mecro.h(17): note: 'MakeStat'의 이전 정의를 참조하십시오.
c:\work\woochancho\제출\simplerpg\simplerpg\mecro.h(19): error C2027: 정의되지 않은 형식 'objectstat'을(를) 사용했습니다.
  c:\work\woochancho\제출\simplerpg\simplerpg\mecro.h(8): note: 'objectstat' 선언을 참조하십시오.
c:\work\woochancho\제출\simplerpg\simplerpg\mecro.h(20): error C2027: 정의되지 않은 형식 'objectstat'을(를) 사용했습니다.
  c:\work\woochancho\제출\simplerpg\simplerpg\mecro.h(8): note: 'objectstat' 선언을 참조하십시오.
c:\work\woochancho\제출\simplerpg\simplerpg\mecro.h(21): error C2027: 정의되지 않은 형식 'objectstat'을(를) 사용했습니다.
  c:\work\woochancho\제출\simplerpg\simplerpg\mecro.h(8): note: 'objectstat' 선언을 참조하십시오.
c:\work\woochancho\제출\simplerpg\simplerpg\mecro.h(22): error C2027: 정의되지 않은 형식 'objectstat'을(를) 사용했습니다.
  c:\work\woochancho\제출\simplerpg\simplerpg\mecro.h(8): note: 'objectstat' 선언을 참조하십시오.
c:\work\woochancho\제출\simplerpg\simplerpg\mecro.h(23): error C2027: 정의되지 않은 형식 'objectstat'을(를) 사용했습니다.
  c:\work\woochancho\제출\simplerpg\simplerpg\mecro.h(8): note: 'objectstat' 선언을 참조하십시오.
c:\work\woochancho\제출\simplerpg\simplerpg\mecro.h(24): error C2027: 정의되지 않은 형식 'objectstat'을(를) 사용했습니다.
  c:\work\woochancho\제출\simplerpg\simplerpg\mecro.h(8): note: 'objectstat' 선언을 참조하십시오.
c:\work\woochancho\제출\simplerpg\simplerpg\mecro.h(17): error C2572: 'MakeStat': 기본 인수 재정의. 매개 변수 1
  c:\work\woochancho\제출\simplerpg\simplerpg\mecro.h(17): note: 'MakeStat' 선언을 참조하십시오.
c:\work\woochancho\제출\simplerpg\simplerpg\mecro.h(17): error C2572: 'MakeStat': 기본 인수 재정의. 매개 변수 2
  c:\work\woochancho\제출\simplerpg\simplerpg\mecro.h(17): note: 'MakeStat' 선언을 참조하십시오.
c:\work\woochancho\제출\simplerpg\simplerpg\mecro.h(17): error C2572: 'MakeStat': 기본 인수 재정의. 매개 변수 3
  c:\work\woochancho\제출\simplerpg\simplerpg\mecro.h(17): note: 'MakeStat' 선언을 참조하십시오.
c:\work\woochancho\제출\simplerpg\simplerpg\mecro.h(17): error C2572: 'MakeStat': 기본 인수 재정의. 매개 변수 4
  c:\work\woochancho\제출\simplerpg\simplerpg\mecro.h(17): note: 'MakeStat' 선언을 참조하십시오.
c:\work\woochancho\제출\simplerpg\simplerpg\mecro.h(19): error C2027: 정의되지 않은 형식 'objectstat'을(를) 사용했습니다.
  c:\work\woochancho\제출\simplerpg\simplerpg\mecro.h(8): note: 'objectstat' 선언을 참조하십시오.
c:\work\woochancho\제출\simplerpg\simplerpg\mecro.h(20): error C2027: 정의되지 않은 형식 'objectstat'을(를) 사용했습니다.
  c:\work\woochancho\제출\simplerpg\simplerpg\mecro.h(8): note: 'objectstat' 선언을 참조하십시오.
c:\work\woochancho\제출\simplerpg\simplerpg\mecro.h(21): error C2027: 정의되지 않은 형식 'objectstat'을(를) 사용했습니다.
  c:\work\woochancho\제출\simplerpg\simplerpg\mecro.h(8): note: 'objectstat' 선언을 참조하십시오.
c:\work\woochancho\제출\simplerpg\simplerpg\mecro.h(22): error C2027: 정의되지 않은 형식 'objectstat'을(를) 사용했습니다.
  c:\work\woochancho\제출\simplerpg\simplerpg\mecro.h(8): note: 'objectstat' 선언을 참조하십시오.
c:\work\woochancho\제출\simplerpg\simplerpg\mecro.h(23): error C2027: 정의되지 않은 형식 'objectstat'을(를) 사용했습니다.
  c:\work\woochancho\제출\simplerpg\simplerpg\mecro.h(8): note: 'objectstat' 선언을 참조하십시오.
c:\work\woochancho\제출\simplerpg\simplerpg\mecro.h(24): error C2027: 정의되지 않은 형식 'objectstat'을(를) 사용했습니다.
  c:\work\woochancho\제출\simplerpg\simplerpg\mecro.h(8): note: 'objectstat' 선언을 참조하십시오.
c:\work\woochancho\제출\simplerpg\simplerpg\mecro.h(17): error C2572: 'MakeStat': 기본 인수 재정의. 매개 변수 1
  c:\work\woochancho\제출\simplerpg\simplerpg\mecro.h(17): note: 'MakeStat' 선언을 참조하십시오.
c:\work\woochancho\제출\simplerpg\simplerpg\mecro.h(17): error C2572: 'MakeStat': 기본 인수 재정의. 매개 변수 2
  c:\work\woochancho\제출\simplerpg\simplerpg\mecro.h(17): note: 'MakeStat' 선언을 참조하십시오.
c:\work\woochancho\제출\simplerpg\simplerpg\mecro.h(17): error C2572: 'MakeStat': 기본 인수 재정의. 매개 변수 3
  c:\work\woochancho\제출\simplerpg\simplerpg\mecro.h(17): note: 'MakeStat' 선언을 참조하십시오.
c:\work\woochancho\제출\simplerpg\simplerpg\mecro.h(17): error C2572: 'MakeStat': 기본 인수 재정의. 매개 변수 4
  c:\work\woochancho\제출\simplerpg\simplerpg\mecro.h(17): note: 'MakeStat' 선언을 참조하십시오.
c:\work\woochancho\제출\simplerpg\simplerpg\mecro.h(19): error C2027: 정의되지 않은 형식 'objectstat'을(를) 사용했습니다.
  c:\work\woochancho\제출\simplerpg\simplerpg\mecro.h(8): note: 'objectstat' 선언을 참조하십시오.
c:\work\woochancho\제출\simplerpg\simplerpg\mecro.h(20): error C2027: 정의되지 않은 형식 'objectstat'을(를) 사용했습니다.
  c:\work\woochancho\제출\simplerpg\simplerpg\mecro.h(8): note: 'objectstat' 선언을 참조하십시오.
c:\work\woochancho\제출\simplerpg\simplerpg\mecro.h(21): error C2027: 정의되지 않은 형식 'objectstat'을(를) 사용했습니다.
  c:\work\woochancho\제출\simplerpg\simplerpg\mecro.h(8): note: 'objectstat' 선언을 참조하십시오.
c:\work\woochancho\제출\simplerpg\simplerpg\mecro.h(22): error C2027: 정의되지 않은 형식 'objectstat'을(를) 사용했습니다.
  c:\work\woochancho\제출\simplerpg\simplerpg\mecro.h(8): note: 'objectstat' 선언을 참조하십시오.
c:\work\woochancho\제출\simplerpg\simplerpg\mecro.h(23): error C2027: 정의되지 않은 형식 'objectstat'을(를) 사용했습니다.
  c:\work\woochancho\제출\simplerpg\simplerpg\mecro.h(8): note: 'objectstat' 선언을 참조하십시오.
c:\work\woochancho\제출\simplerpg\simplerpg\mecro.h(24): error C2027: 정의되지 않은 형식 'objectstat'을(를) 사용했습니다.
  c:\work\woochancho\제출\simplerpg\simplerpg\mecro.h(8): note: 'objectstat' 선언을 참조하십시오.
c:\work\woochancho\제출\simplerpg\simplerpg\main.cpp(28): error C2065: 'MakeStat': 선언되지 않은 식별자입니다.
c:\work\woochancho\제출\simplerpg\simplerpg\main.cpp(29): error C2065: 'MakeStat': 선언되지 않은 식별자입니다.
c:\work\woochancho\제출\simplerpg\simplerpg\main.cpp(30): error C2065: 'MakeStat': 선언되지 않은 식별자입니다.
c:\work\woochancho\제출\simplerpg\simplerpg\main.cpp(32): error C2065: 'MakeStat': 선언되지 않은 식별자입니다.
c:\work\woochancho\제출\simplerpg\simplerpg\main.cpp(33): error C2065: 'MakeStat': 선언되지 않은 식별자입니다.
  Player.cpp
c:\work\woochancho\제출\simplerpg\simplerpg\mecro.h(8): error C2011: 'objectstat': 'struct' 형식 재정의
  c:\work\woochancho\제출\simplerpg\simplerpg\mecro.h(8): note: 'objectstat' 선언을 참조하십시오.
c:\work\woochancho\제출\simplerpg\simplerpg\mecro.h(17): error C2572: 'MakeStat': 기본 인수 재정의. 매개 변수 1
  c:\work\woochancho\제출\simplerpg\simplerpg\mecro.h(17): note: 'MakeStat' 선언을 참조하십시오.
c:\work\woochancho\제출\simplerpg\simplerpg\mecro.h(17): error C2572: 'MakeStat': 기본 인수 재정의. 매개 변수 2
  c:\work\woochancho\제출\simplerpg\simplerpg\mecro.h(17): note: 'MakeStat' 선언을 참조하십시오.
c:\work\woochancho\제출\simplerpg\simplerpg\mecro.h(17): error C2572: 'MakeStat': 기본 인수 재정의. 매개 변수 3
  c:\work\woochancho\제출\simplerpg\simplerpg\mecro.h(17): note: 'MakeStat' 선언을 참조하십시오.
c:\work\woochancho\제출\simplerpg\simplerpg\mecro.h(17): error C2572: 'MakeStat': 기본 인수 재정의. 매개 변수 4
  c:\work\woochancho\제출\simplerpg\simplerpg\mecro.h(17): note: 'MakeStat' 선언을 참조하십시오.
c:\work\woochancho\제출\simplerpg\simplerpg\mecro.h(18): error C2084: 'ObjectStat *MakeStat(std::string,int,int,int,int)' 함수에 이미 본문이 있습니다.
  c:\work\woochancho\제출\simplerpg\simplerpg\mecro.h(17): note: 'MakeStat'의 이전 정의를 참조하십시오.
c:\work\woochancho\제출\simplerpg\simplerpg\mecro.h(19): error C2027: 정의되지 않은 형식 'objectstat'을(를) 사용했습니다.
  c:\work\woochancho\제출\simplerpg\simplerpg\mecro.h(8): note: 'objectstat' 선언을 참조하십시오.
c:\work\woochancho\제출\simplerpg\simplerpg\mecro.h(20): error C2027: 정의되지 않은 형식 'objectstat'을(를) 사용했습니다.
  c:\work\woochancho\제출\simplerpg\simplerpg\mecro.h(8): note: 'objectstat' 선언을 참조하십시오.
c:\work\woochancho\제출\simplerpg\simplerpg\mecro.h(21): error C2027: 정의되지 않은 형식 'objectstat'을(를) 사용했습니다.
  c:\work\woochancho\제출\simplerpg\simplerpg\mecro.h(8): note: 'objectstat' 선언을 참조하십시오.
c:\work\woochancho\제출\simplerpg\simplerpg\mecro.h(22): error C2027: 정의되지 않은 형식 'objectstat'을(를) 사용했습니다.
  c:\work\woochancho\제출\simplerpg\simplerpg\mecro.h(8): note: 'objectstat' 선언을 참조하십시오.
c:\work\woochancho\제출\simplerpg\simplerpg\mecro.h(23): error C2027: 정의되지 않은 형식 'objectstat'을(를) 사용했습니다.
  c:\work\woochancho\제출\simplerpg\simplerpg\mecro.h(8): note: 'objectstat' 선언을 참조하십시오.
c:\work\woochancho\제출\simplerpg\simplerpg\mecro.h(24): error C2027: 정의되지 않은 형식 'objectstat'을(를) 사용했습니다.
  c:\work\woochancho\제출\simplerpg\simplerpg\mecro.h(8): note: 'objectstat' 선언을 참조하십시오.
c:\work\woochancho\제출\simplerpg\simplerpg\player.cpp(12): error C2027: 정의되지 않은 형식 'objectstat'을(를) 사용했습니다.
  c:\work\woochancho\제출\simplerpg\simplerpg\mecro.h(8): note: 'objectstat' 선언을 참조하십시오.
  Subject.cpp
c:\work\woochancho\제출\simplerpg\simplerpg\mecro.h(8): error C2011: 'objectstat': 'struct' 형식 재정의
  c:\work\woochancho\제출\simplerpg\simplerpg\mecro.h(8): note: 'objectstat' 선언을 참조하십시오.
c:\work\woochancho\제출\simplerpg\simplerpg\mecro.h(17): error C2572: 'MakeStat': 기본 인수 재정의. 매개 변수 1
  c:\work\woochancho\제출\simplerpg\simplerpg\mecro.h(17): note: 'MakeStat' 선언을 참조하십시오.
c:\work\woochancho\제출\simplerpg\simplerpg\mecro.h(17): error C2572: 'MakeStat': 기본 인수 재정의. 매개 변수 2
  c:\work\woochancho\제출\simplerpg\simplerpg\mecro.h(17): note: 'MakeStat' 선언을 참조하십시오.
c:\work\woochancho\제출\simplerpg\simplerpg\mecro.h(17): error C2572: 'MakeStat': 기본 인수 재정의. 매개 변수 3
  c:\work\woochancho\제출\simplerpg\simplerpg\mecro.h(17): note: 'MakeStat' 선언을 참조하십시오.
c:\work\woochancho\제출\simplerpg\simplerpg\mecro.h(17): error C2572: 'MakeStat': 기본 인수 재정의. 매개 변수 4
  c:\work\woochancho\제출\simplerpg\simplerpg\mecro.h(17): note: 'MakeStat' 선언을 참조하십시오.
c:\work\woochancho\제출\simplerpg\simplerpg\mecro.h(18): error C2084: 'ObjectStat *MakeStat(std::string,int,int,int,int)' 함수에 이미 본문이 있습니다.
  c:\work\woochancho\제출\simplerpg\simplerpg\mecro.h(17): note: 'MakeStat'의 이전 정의를 참조하십시오.
c:\work\woochancho\제출\simplerpg\simplerpg\mecro.h(19): error C2027: 정의되지 않은 형식 'objectstat'을(를) 사용했습니다.
  c:\work\woochancho\제출\simplerpg\simplerpg\mecro.h(8): note: 'objectstat' 선언을 참조하십시오.
c:\work\woochancho\제출\simplerpg\simplerpg\mecro.h(20): error C2027: 정의되지 않은 형식 'objectstat'을(를) 사용했습니다.
  c:\work\woochancho\제출\simplerpg\simplerpg\mecro.h(8): note: 'objectstat' 선언을 참조하십시오.
c:\work\woochancho\제출\simplerpg\simplerpg\mecro.h(21): error C2027: 정의되지 않은 형식 'objectstat'을(를) 사용했습니다.
  c:\work\woochancho\제출\simplerpg\simplerpg\mecro.h(8): note: 'objectstat' 선언을 참조하십시오.
c:\work\woochancho\제출\simplerpg\simplerpg\mecro.h(22): error C2027: 정의되지 않은 형식 'objectstat'을(를) 사용했습니다.
  c:\work\woochancho\제출\simplerpg\simplerpg\mecro.h(8): note: 'objectstat' 선언을 참조하십시오.
c:\work\woochancho\제출\simplerpg\simplerpg\mecro.h(23): error C2027: 정의되지 않은 형식 'objectstat'을(를) 사용했습니다.
  c:\work\woochancho\제출\simplerpg\simplerpg\mecro.h(8): note: 'objectstat' 선언을 참조하십시오.
c:\work\woochancho\제출\simplerpg\simplerpg\mecro.h(24): error C2027: 정의되지 않은 형식 'objectstat'을(를) 사용했습니다.
  c:\work\woochancho\제출\simplerpg\simplerpg\mecro.h(8): note: 'objectstat' 선언을 참조하십시오.
c:\work\woochancho\제출\simplerpg\simplerpg\mecro.h(17): error C2572: 'MakeStat': 기본 인수 재정의. 매개 변수 1
  c:\work\woochancho\제출\simplerpg\simplerpg\mecro.h(17): note: 'MakeStat' 선언을 참조하십시오.
c:\work\woochancho\제출\simplerpg\simplerpg\mecro.h(17): error C2572: 'MakeStat': 기본 인수 재정의. 매개 변수 2
  c:\work\woochancho\제출\simplerpg\simplerpg\mecro.h(17): note: 'MakeStat' 선언을 참조하십시오.
c:\work\woochancho\제출\simplerpg\simplerpg\mecro.h(17): error C2572: 'MakeStat': 기본 인수 재정의. 매개 변수 3
  c:\work\woochancho\제출\simplerpg\simplerpg\mecro.h(17): note: 'MakeStat' 선언을 참조하십시오.
c:\work\woochancho\제출\simplerpg\simplerpg\mecro.h(17): error C2572: 'MakeStat': 기본 인수 재정의. 매개 변수 4
  c:\work\woochancho\제출\simplerpg\simplerpg\mecro.h(17): note: 'MakeStat' 선언을 참조하십시오.
c:\work\woochancho\제출\simplerpg\simplerpg\mecro.h(19): error C2027: 정의되지 않은 형식 'objectstat'을(를) 사용했습니다.
  c:\work\woochancho\제출\simplerpg\simplerpg\mecro.h(8): note: 'objectstat' 선언을 참조하십시오.
c:\work\woochancho\제출\simplerpg\simplerpg\mecro.h(20): error C2027: 정의되지 않은 형식 'objectstat'을(를) 사용했습니다.
  c:\work\woochancho\제출\simplerpg\simplerpg\mecro.h(8): note: 'objectstat' 선언을 참조하십시오.
c:\work\woochancho\제출\simplerpg\simplerpg\mecro.h(21): error C2027: 정의되지 않은 형식 'objectstat'을(를) 사용했습니다.
  c:\work\woochancho\제출\simplerpg\simplerpg\mecro.h(8): note: 'objectstat' 선언을 참조하십시오.
c:\work\woochancho\제출\simplerpg\simplerpg\mecro.h(22): error C2027: 정의되지 않은 형식 'objectstat'을(를) 사용했습니다.
  c:\work\woochancho\제출\simplerpg\simplerpg\mecro.h(8): note: 'objectstat' 선언을 참조하십시오.
c:\work\woochancho\제출\simplerpg\simplerpg\mecro.h(23): error C2027: 정의되지 않은 형식 'objectstat'을(를) 사용했습니다.
  c:\work\woochancho\제출\simplerpg\simplerpg\mecro.h(8): note: 'objectstat' 선언을 참조하십시오.
c:\work\woochancho\제출\simplerpg\simplerpg\mecro.h(24): error C2027: 정의되지 않은 형식 'objectstat'을(를) 사용했습니다.
  c:\work\woochancho\제출\simplerpg\simplerpg\mecro.h(8): note: 'objectstat' 선언을 참조하십시오.
c:\work\woochancho\제출\simplerpg\simplerpg\subject.cpp(34): error C2027: 정의되지 않은 형식 'objectstat'을(를) 사용했습니다.
  c:\work\woochancho\제출\simplerpg\simplerpg\mecro.h(8): note: 'objectstat' 선언을 참조하십시오.
c:\work\woochancho\제출\simplerpg\simplerpg\subject.cpp(44): error C2027: 정의되지 않은 형식 'objectstat'을(를) 사용했습니다.
  c:\work\woochancho\제출\simplerpg\simplerpg\mecro.h(8): note: 'objectstat' 선언을 참조하십시오.
  코드를 생성하고 있습니다...
