  PriorityQueue.cpp
c:\work\woochancho\자료구조&디자인패턴\자료구조와알고리즘\예제\chapter_4\priorityqueue\usefulheap.h(11): error C4430: 형식 지정자가 없습니다. int로 가정합니다. 참고: C++에서는 기본 int를 지원하지 않습니다.
c:\work\woochancho\자료구조&디자인패턴\자료구조와알고리즘\예제\chapter_4\priorityqueue\usefulheap.h(11): error C2146: 구문 오류: ';'이(가) 'HData' 식별자 앞에 없습니다.
c:\work\woochancho\자료구조&디자인패턴\자료구조와알고리즘\예제\chapter_4\priorityqueue\usefulheap.h(16): error C2146: 구문 오류: ')'이(가) 'd1' 식별자 앞에 없습니다.
c:\work\woochancho\자료구조&디자인패턴\자료구조와알고리즘\예제\chapter_4\priorityqueue\usefulheap.h(20): error C2143: 구문 오류: ';'이(가) '*' 앞에 없습니다.
c:\work\woochancho\자료구조&디자인패턴\자료구조와알고리즘\예제\chapter_4\priorityqueue\usefulheap.h(20): error C4430: 형식 지정자가 없습니다. int로 가정합니다. 참고: C++에서는 기본 int를 지원하지 않습니다.
c:\work\woochancho\자료구조&디자인패턴\자료구조와알고리즘\예제\chapter_4\priorityqueue\usefulheap.h(20): error C2238: ';' 앞에 예기치 않은 토큰이 있습니다.
c:\work\woochancho\자료구조&디자인패턴\자료구조와알고리즘\예제\chapter_4\priorityqueue\usefulheap.h(22): error C3646: 'heapArr': 알 수 없는 재정의 지정자입니다.
c:\work\woochancho\자료구조&디자인패턴\자료구조와알고리즘\예제\chapter_4\priorityqueue\usefulheap.h(22): error C2143: 구문 오류: ','이(가) '[' 앞에 없습니다.
c:\work\woochancho\자료구조&디자인패턴\자료구조와알고리즘\예제\chapter_4\priorityqueue\usefulheap.h(22): error C2143: 구문 오류: ')'이(가) ';' 앞에 없습니다.
c:\work\woochancho\자료구조&디자인패턴\자료구조와알고리즘\예제\chapter_4\priorityqueue\usefulheap.h(22): error C2238: ';' 앞에 예기치 않은 토큰이 있습니다.
c:\work\woochancho\자료구조&디자인패턴\자료구조와알고리즘\예제\chapter_4\priorityqueue\usefulheap.h(26): error C2061: 구문 오류: 식별자 'PriorityComp'
c:\work\woochancho\자료구조&디자인패턴\자료구조와알고리즘\예제\chapter_4\priorityqueue\usefulheap.h(29): error C2061: 구문 오류: 식별자 'HData'
c:\work\woochancho\자료구조&디자인패턴\자료구조와알고리즘\예제\chapter_4\priorityqueue\usefulheap.h(30): error C4430: 형식 지정자가 없습니다. int로 가정합니다. 참고: C++에서는 기본 int를 지원하지 않습니다.
c:\work\woochancho\자료구조&디자인패턴\자료구조와알고리즘\예제\chapter_4\priorityqueue\usefulheap.h(30): error C2086: 'int HData': 재정의
  c:\work\woochancho\자료구조&디자인패턴\자료구조와알고리즘\예제\chapter_4\priorityqueue\usefulheap.h(11): note: 'HData' 선언을 참조하십시오.
c:\work\woochancho\자료구조&디자인패턴\자료구조와알고리즘\예제\chapter_4\priorityqueue\usefulheap.h(30): error C2146: 구문 오류: ';'이(가) 'HDelete' 식별자 앞에 없습니다.
c:\work\woochancho\자료구조&디자인패턴\자료구조와알고리즘\예제\chapter_4\priorityqueue\priorityqueue.h(7): error C4430: 형식 지정자가 없습니다. int로 가정합니다. 참고: C++에서는 기본 int를 지원하지 않습니다.
c:\work\woochancho\자료구조&디자인패턴\자료구조와알고리즘\예제\chapter_4\priorityqueue\priorityqueue.h(7): error C2378: 'HData': 재정의. 형식 정의를 사용하여 기호를 오버로드할 수 없습니다.
  c:\work\woochancho\자료구조&디자인패턴\자료구조와알고리즘\예제\chapter_4\priorityqueue\usefulheap.h(11): note: 'HData' 선언을 참조하십시오.
c:\work\woochancho\자료구조&디자인패턴\자료구조와알고리즘\예제\chapter_4\priorityqueue\priorityqueue.h(7): error C2146: 구문 오류: ';'이(가) 'PQData' 식별자 앞에 없습니다.
c:\work\woochancho\자료구조&디자인패턴\자료구조와알고리즘\예제\chapter_4\priorityqueue\priorityqueue.h(9): error C2061: 구문 오류: 식별자 'PriorityComp'
c:\work\woochancho\자료구조&디자인패턴\자료구조와알고리즘\예제\chapter_4\priorityqueue\priorityqueue.h(12): error C2061: 구문 오류: 식별자 'PQData'
c:\work\woochancho\자료구조&디자인패턴\자료구조와알고리즘\예제\chapter_4\priorityqueue\priorityqueue.h(13): error C4430: 형식 지정자가 없습니다. int로 가정합니다. 참고: C++에서는 기본 int를 지원하지 않습니다.
c:\work\woochancho\자료구조&디자인패턴\자료구조와알고리즘\예제\chapter_4\priorityqueue\priorityqueue.h(13): error C2086: 'int PQData': 재정의
  c:\work\woochancho\자료구조&디자인패턴\자료구조와알고리즘\예제\chapter_4\priorityqueue\priorityqueue.h(7): note: 'PQData' 선언을 참조하십시오.
c:\work\woochancho\자료구조&디자인패턴\자료구조와알고리즘\예제\chapter_4\priorityqueue\priorityqueue.h(13): error C2146: 구문 오류: ';'이(가) 'PDequeue' 식별자 앞에 없습니다.
c:\work\woochancho\자료구조&디자인패턴\자료구조와알고리즘\예제\chapter_4\priorityqueue\priorityqueue.cpp(4): error C2061: 구문 오류: 식별자 'PriorityComp'
c:\work\woochancho\자료구조&디자인패턴\자료구조와알고리즘\예제\chapter_4\priorityqueue\priorityqueue.cpp(6): error C2065: 'pc': 선언되지 않은 식별자입니다.
c:\work\woochancho\자료구조&디자인패턴\자료구조와알고리즘\예제\chapter_4\priorityqueue\priorityqueue.cpp(14): error C2061: 구문 오류: 식별자 'PQData'
c:\work\woochancho\자료구조&디자인패턴\자료구조와알고리즘\예제\chapter_4\priorityqueue\priorityqueue.cpp(16): error C2065: 'data': 선언되지 않은 식별자입니다.
c:\work\woochancho\자료구조&디자인패턴\자료구조와알고리즘\예제\chapter_4\priorityqueue\priorityqueue.cpp(19): error C4430: 형식 지정자가 없습니다. int로 가정합니다. 참고: C++에서는 기본 int를 지원하지 않습니다.
c:\work\woochancho\자료구조&디자인패턴\자료구조와알고리즘\예제\chapter_4\priorityqueue\priorityqueue.cpp(19): error C2086: 'int PQData': 재정의
  c:\work\woochancho\자료구조&디자인패턴\자료구조와알고리즘\예제\chapter_4\priorityqueue\priorityqueue.h(7): note: 'PQData' 선언을 참조하십시오.
c:\work\woochancho\자료구조&디자인패턴\자료구조와알고리즘\예제\chapter_4\priorityqueue\priorityqueue.cpp(19): error C2146: 구문 오류: ';'이(가) 'PDequeue' 식별자 앞에 없습니다.
c:\work\woochancho\자료구조&디자인패턴\자료구조와알고리즘\예제\chapter_4\priorityqueue\priorityqueue.cpp(20): error C2143: 구문 오류: ';'이(가) '{' 앞에 없습니다.
c:\work\woochancho\자료구조&디자인패턴\자료구조와알고리즘\예제\chapter_4\priorityqueue\priorityqueue.cpp(20): error C2447: '{': 함수 헤더가 없습니다. 이전 스타일의 형식 목록입니까?
  PriorityQueueMain.cpp
c:\work\woochancho\자료구조&디자인패턴\자료구조와알고리즘\예제\chapter_4\priorityqueue\usefulheap.h(11): error C4430: 형식 지정자가 없습니다. int로 가정합니다. 참고: C++에서는 기본 int를 지원하지 않습니다.
c:\work\woochancho\자료구조&디자인패턴\자료구조와알고리즘\예제\chapter_4\priorityqueue\usefulheap.h(11): error C2146: 구문 오류: ';'이(가) 'HData' 식별자 앞에 없습니다.
c:\work\woochancho\자료구조&디자인패턴\자료구조와알고리즘\예제\chapter_4\priorityqueue\usefulheap.h(16): error C2146: 구문 오류: ')'이(가) 'd1' 식별자 앞에 없습니다.
c:\work\woochancho\자료구조&디자인패턴\자료구조와알고리즘\예제\chapter_4\priorityqueue\usefulheap.h(20): error C2143: 구문 오류: ';'이(가) '*' 앞에 없습니다.
c:\work\woochancho\자료구조&디자인패턴\자료구조와알고리즘\예제\chapter_4\priorityqueue\usefulheap.h(20): error C4430: 형식 지정자가 없습니다. int로 가정합니다. 참고: C++에서는 기본 int를 지원하지 않습니다.
c:\work\woochancho\자료구조&디자인패턴\자료구조와알고리즘\예제\chapter_4\priorityqueue\usefulheap.h(20): error C2238: ';' 앞에 예기치 않은 토큰이 있습니다.
c:\work\woochancho\자료구조&디자인패턴\자료구조와알고리즘\예제\chapter_4\priorityqueue\usefulheap.h(22): error C3646: 'heapArr': 알 수 없는 재정의 지정자입니다.
c:\work\woochancho\자료구조&디자인패턴\자료구조와알고리즘\예제\chapter_4\priorityqueue\usefulheap.h(22): error C2143: 구문 오류: ','이(가) '[' 앞에 없습니다.
c:\work\woochancho\자료구조&디자인패턴\자료구조와알고리즘\예제\chapter_4\priorityqueue\usefulheap.h(22): error C2143: 구문 오류: ')'이(가) ';' 앞에 없습니다.
c:\work\woochancho\자료구조&디자인패턴\자료구조와알고리즘\예제\chapter_4\priorityqueue\usefulheap.h(22): error C2238: ';' 앞에 예기치 않은 토큰이 있습니다.
c:\work\woochancho\자료구조&디자인패턴\자료구조와알고리즘\예제\chapter_4\priorityqueue\usefulheap.h(26): error C2061: 구문 오류: 식별자 'PriorityComp'
c:\work\woochancho\자료구조&디자인패턴\자료구조와알고리즘\예제\chapter_4\priorityqueue\usefulheap.h(29): error C2061: 구문 오류: 식별자 'HData'
c:\work\woochancho\자료구조&디자인패턴\자료구조와알고리즘\예제\chapter_4\priorityqueue\usefulheap.h(30): error C4430: 형식 지정자가 없습니다. int로 가정합니다. 참고: C++에서는 기본 int를 지원하지 않습니다.
c:\work\woochancho\자료구조&디자인패턴\자료구조와알고리즘\예제\chapter_4\priorityqueue\usefulheap.h(30): error C2086: 'int HData': 재정의
  c:\work\woochancho\자료구조&디자인패턴\자료구조와알고리즘\예제\chapter_4\priorityqueue\usefulheap.h(11): note: 'HData' 선언을 참조하십시오.
c:\work\woochancho\자료구조&디자인패턴\자료구조와알고리즘\예제\chapter_4\priorityqueue\usefulheap.h(30): error C2146: 구문 오류: ';'이(가) 'HDelete' 식별자 앞에 없습니다.
c:\work\woochancho\자료구조&디자인패턴\자료구조와알고리즘\예제\chapter_4\priorityqueue\priorityqueue.h(7): error C4430: 형식 지정자가 없습니다. int로 가정합니다. 참고: C++에서는 기본 int를 지원하지 않습니다.
c:\work\woochancho\자료구조&디자인패턴\자료구조와알고리즘\예제\chapter_4\priorityqueue\priorityqueue.h(7): error C2378: 'HData': 재정의. 형식 정의를 사용하여 기호를 오버로드할 수 없습니다.
  c:\work\woochancho\자료구조&디자인패턴\자료구조와알고리즘\예제\chapter_4\priorityqueue\usefulheap.h(11): note: 'HData' 선언을 참조하십시오.
c:\work\woochancho\자료구조&디자인패턴\자료구조와알고리즘\예제\chapter_4\priorityqueue\priorityqueue.h(7): error C2146: 구문 오류: ';'이(가) 'PQData' 식별자 앞에 없습니다.
c:\work\woochancho\자료구조&디자인패턴\자료구조와알고리즘\예제\chapter_4\priorityqueue\priorityqueue.h(9): error C2061: 구문 오류: 식별자 'PriorityComp'
c:\work\woochancho\자료구조&디자인패턴\자료구조와알고리즘\예제\chapter_4\priorityqueue\priorityqueue.h(12): error C2061: 구문 오류: 식별자 'PQData'
c:\work\woochancho\자료구조&디자인패턴\자료구조와알고리즘\예제\chapter_4\priorityqueue\priorityqueue.h(13): error C4430: 형식 지정자가 없습니다. int로 가정합니다. 참고: C++에서는 기본 int를 지원하지 않습니다.
c:\work\woochancho\자료구조&디자인패턴\자료구조와알고리즘\예제\chapter_4\priorityqueue\priorityqueue.h(13): error C2086: 'int PQData': 재정의
  c:\work\woochancho\자료구조&디자인패턴\자료구조와알고리즘\예제\chapter_4\priorityqueue\priorityqueue.h(7): note: 'PQData' 선언을 참조하십시오.
c:\work\woochancho\자료구조&디자인패턴\자료구조와알고리즘\예제\chapter_4\priorityqueue\priorityqueue.h(13): error C2146: 구문 오류: ';'이(가) 'PDequeue' 식별자 앞에 없습니다.
c:\work\woochancho\자료구조&디자인패턴\자료구조와알고리즘\예제\chapter_4\priorityqueue\priorityqueuemain.cpp(7): error C2872: 'string': 모호한 기호입니다.
  c:\work\woochancho\자료구조&디자인패턴\자료구조와알고리즘\예제\chapter_4\priorityqueue\usefulheap.h(11): note: 'int string'일 수 있습니다.
  c:\program files (x86)\microsoft visual studio\2017\community\vc\tools\msvc\14.16.27023\include\xstring(4373): note: 또는       'std::string'
c:\work\woochancho\자료구조&디자인패턴\자료구조와알고리즘\예제\chapter_4\priorityqueue\priorityqueuemain.cpp(15): error C2660: 'PQueueInit': 함수는 2개의 매개 변수를 사용하지 않습니다.
  c:\work\woochancho\자료구조&디자인패턴\자료구조와알고리즘\예제\chapter_4\priorityqueue\priorityqueue.h(9): note: 'PQueueInit' 선언을 참조하십시오.
c:\work\woochancho\자료구조&디자인패턴\자료구조와알고리즘\예제\chapter_4\priorityqueue\priorityqueuemain.cpp(17): error C2660: 'PEnqueue': 함수는 2개의 매개 변수를 사용하지 않습니다.
  c:\work\woochancho\자료구조&디자인패턴\자료구조와알고리즘\예제\chapter_4\priorityqueue\priorityqueue.h(12): note: 'PEnqueue' 선언을 참조하십시오.
c:\work\woochancho\자료구조&디자인패턴\자료구조와알고리즘\예제\chapter_4\priorityqueue\priorityqueuemain.cpp(18): error C2660: 'PEnqueue': 함수는 2개의 매개 변수를 사용하지 않습니다.
  c:\work\woochancho\자료구조&디자인패턴\자료구조와알고리즘\예제\chapter_4\priorityqueue\priorityqueue.h(12): note: 'PEnqueue' 선언을 참조하십시오.
c:\work\woochancho\자료구조&디자인패턴\자료구조와알고리즘\예제\chapter_4\priorityqueue\priorityqueuemain.cpp(19): error C2660: 'PEnqueue': 함수는 2개의 매개 변수를 사용하지 않습니다.
  c:\work\woochancho\자료구조&디자인패턴\자료구조와알고리즘\예제\chapter_4\priorityqueue\priorityqueue.h(12): note: 'PEnqueue' 선언을 참조하십시오.
c:\work\woochancho\자료구조&디자인패턴\자료구조와알고리즘\예제\chapter_4\priorityqueue\priorityqueuemain.cpp(20): error C3861: 'PDequeue': 식별자를 찾을 수 없습니다.
c:\work\woochancho\자료구조&디자인패턴\자료구조와알고리즘\예제\chapter_4\priorityqueue\priorityqueuemain.cpp(22): error C2660: 'PEnqueue': 함수는 2개의 매개 변수를 사용하지 않습니다.
  c:\work\woochancho\자료구조&디자인패턴\자료구조와알고리즘\예제\chapter_4\priorityqueue\priorityqueue.h(12): note: 'PEnqueue' 선언을 참조하십시오.
c:\work\woochancho\자료구조&디자인패턴\자료구조와알고리즘\예제\chapter_4\priorityqueue\priorityqueuemain.cpp(23): error C2660: 'PEnqueue': 함수는 2개의 매개 변수를 사용하지 않습니다.
  c:\work\woochancho\자료구조&디자인패턴\자료구조와알고리즘\예제\chapter_4\priorityqueue\priorityqueue.h(12): note: 'PEnqueue' 선언을 참조하십시오.
c:\work\woochancho\자료구조&디자인패턴\자료구조와알고리즘\예제\chapter_4\priorityqueue\priorityqueuemain.cpp(24): error C2660: 'PEnqueue': 함수는 2개의 매개 변수를 사용하지 않습니다.
  c:\work\woochancho\자료구조&디자인패턴\자료구조와알고리즘\예제\chapter_4\priorityqueue\priorityqueue.h(12): note: 'PEnqueue' 선언을 참조하십시오.
c:\work\woochancho\자료구조&디자인패턴\자료구조와알고리즘\예제\chapter_4\priorityqueue\priorityqueuemain.cpp(25): error C3861: 'PDequeue': 식별자를 찾을 수 없습니다.
c:\work\woochancho\자료구조&디자인패턴\자료구조와알고리즘\예제\chapter_4\priorityqueue\priorityqueuemain.cpp(28): error C3861: 'PDequeue': 식별자를 찾을 수 없습니다.
  UsefulHeap.cpp
c:\work\woochancho\자료구조&디자인패턴\자료구조와알고리즘\예제\chapter_4\priorityqueue\usefulheap.h(11): error C4430: 형식 지정자가 없습니다. int로 가정합니다. 참고: C++에서는 기본 int를 지원하지 않습니다.
c:\work\woochancho\자료구조&디자인패턴\자료구조와알고리즘\예제\chapter_4\priorityqueue\usefulheap.h(11): error C2146: 구문 오류: ';'이(가) 'HData' 식별자 앞에 없습니다.
c:\work\woochancho\자료구조&디자인패턴\자료구조와알고리즘\예제\chapter_4\priorityqueue\usefulheap.h(16): error C2146: 구문 오류: ')'이(가) 'd1' 식별자 앞에 없습니다.
c:\work\woochancho\자료구조&디자인패턴\자료구조와알고리즘\예제\chapter_4\priorityqueue\usefulheap.h(20): error C2143: 구문 오류: ';'이(가) '*' 앞에 없습니다.
c:\work\woochancho\자료구조&디자인패턴\자료구조와알고리즘\예제\chapter_4\priorityqueue\usefulheap.h(20): error C4430: 형식 지정자가 없습니다. int로 가정합니다. 참고: C++에서는 기본 int를 지원하지 않습니다.
c:\work\woochancho\자료구조&디자인패턴\자료구조와알고리즘\예제\chapter_4\priorityqueue\usefulheap.h(20): error C2238: ';' 앞에 예기치 않은 토큰이 있습니다.
c:\work\woochancho\자료구조&디자인패턴\자료구조와알고리즘\예제\chapter_4\priorityqueue\usefulheap.h(22): error C3646: 'heapArr': 알 수 없는 재정의 지정자입니다.
c:\work\woochancho\자료구조&디자인패턴\자료구조와알고리즘\예제\chapter_4\priorityqueue\usefulheap.h(22): error C2143: 구문 오류: ','이(가) '[' 앞에 없습니다.
c:\work\woochancho\자료구조&디자인패턴\자료구조와알고리즘\예제\chapter_4\priorityqueue\usefulheap.h(22): error C2143: 구문 오류: ')'이(가) ';' 앞에 없습니다.
c:\work\woochancho\자료구조&디자인패턴\자료구조와알고리즘\예제\chapter_4\priorityqueue\usefulheap.h(22): error C2238: ';' 앞에 예기치 않은 토큰이 있습니다.
c:\work\woochancho\자료구조&디자인패턴\자료구조와알고리즘\예제\chapter_4\priorityqueue\usefulheap.h(26): error C2061: 구문 오류: 식별자 'PriorityComp'
c:\work\woochancho\자료구조&디자인패턴\자료구조와알고리즘\예제\chapter_4\priorityqueue\usefulheap.h(29): error C2061: 구문 오류: 식별자 'HData'
c:\work\woochancho\자료구조&디자인패턴\자료구조와알고리즘\예제\chapter_4\priorityqueue\usefulheap.h(30): error C4430: 형식 지정자가 없습니다. int로 가정합니다. 참고: C++에서는 기본 int를 지원하지 않습니다.
c:\work\woochancho\자료구조&디자인패턴\자료구조와알고리즘\예제\chapter_4\priorityqueue\usefulheap.h(30): error C2086: 'int HData': 재정의
  c:\work\woochancho\자료구조&디자인패턴\자료구조와알고리즘\예제\chapter_4\priorityqueue\usefulheap.h(11): note: 'HData' 선언을 참조하십시오.
c:\work\woochancho\자료구조&디자인패턴\자료구조와알고리즘\예제\chapter_4\priorityqueue\usefulheap.h(30): error C2146: 구문 오류: ';'이(가) 'HDelete' 식별자 앞에 없습니다.
c:\work\woochancho\자료구조&디자인패턴\자료구조와알고리즘\예제\chapter_4\priorityqueue\usefulheap.cpp(3): error C2061: 구문 오류: 식별자 'PriorityComp'
c:\work\woochancho\자료구조&디자인패턴\자료구조와알고리즘\예제\chapter_4\priorityqueue\usefulheap.cpp(6): error C2039: 'comp': '_heap'의 멤버가 아닙니다.
  c:\work\woochancho\자료구조&디자인패턴\자료구조와알고리즘\예제\chapter_4\priorityqueue\usefulheap.h(18): note: '_heap' 선언을 참조하십시오.
c:\work\woochancho\자료구조&디자인패턴\자료구조와알고리즘\예제\chapter_4\priorityqueue\usefulheap.cpp(6): error C2065: 'pc': 선언되지 않은 식별자입니다.
c:\work\woochancho\자료구조&디자인패턴\자료구조와알고리즘\예제\chapter_4\priorityqueue\usefulheap.cpp(44): error C2039: 'comp': '_heap'의 멤버가 아닙니다.
  c:\work\woochancho\자료구조&디자인패턴\자료구조와알고리즘\예제\chapter_4\priorityqueue\usefulheap.h(18): note: '_heap' 선언을 참조하십시오.
c:\work\woochancho\자료구조&디자인패턴\자료구조와알고리즘\예제\chapter_4\priorityqueue\usefulheap.cpp(44): error C2039: 'heapArr': '_heap'의 멤버가 아닙니다.
  c:\work\woochancho\자료구조&디자인패턴\자료구조와알고리즘\예제\chapter_4\priorityqueue\usefulheap.h(18): note: '_heap' 선언을 참조하십시오.
c:\work\woochancho\자료구조&디자인패턴\자료구조와알고리즘\예제\chapter_4\priorityqueue\usefulheap.cpp(45): error C2039: 'heapArr': '_heap'의 멤버가 아닙니다.
  c:\work\woochancho\자료구조&디자인패턴\자료구조와알고리즘\예제\chapter_4\priorityqueue\usefulheap.h(18): note: '_heap' 선언을 참조하십시오.
c:\work\woochancho\자료구조&디자인패턴\자료구조와알고리즘\예제\chapter_4\priorityqueue\usefulheap.cpp(52): error C2061: 구문 오류: 식별자 'HData'
c:\work\woochancho\자료구조&디자인패턴\자료구조와알고리즘\예제\chapter_4\priorityqueue\usefulheap.cpp(59): error C2039: 'comp': '_heap'의 멤버가 아닙니다.
  c:\work\woochancho\자료구조&디자인패턴\자료구조와알고리즘\예제\chapter_4\priorityqueue\usefulheap.h(18): note: '_heap' 선언을 참조하십시오.
c:\work\woochancho\자료구조&디자인패턴\자료구조와알고리즘\예제\chapter_4\priorityqueue\usefulheap.cpp(59): error C2065: 'data': 선언되지 않은 식별자입니다.
c:\work\woochancho\자료구조&디자인패턴\자료구조와알고리즘\예제\chapter_4\priorityqueue\usefulheap.cpp(59): error C2039: 'heapArr': '_heap'의 멤버가 아닙니다.
  c:\work\woochancho\자료구조&디자인패턴\자료구조와알고리즘\예제\chapter_4\priorityqueue\usefulheap.h(18): note: '_heap' 선언을 참조하십시오.
c:\work\woochancho\자료구조&디자인패턴\자료구조와알고리즘\예제\chapter_4\priorityqueue\usefulheap.cpp(61): error C2039: 'heapArr': '_heap'의 멤버가 아닙니다.
  c:\work\woochancho\자료구조&디자인패턴\자료구조와알고리즘\예제\chapter_4\priorityqueue\usefulheap.h(18): note: '_heap' 선언을 참조하십시오.
c:\work\woochancho\자료구조&디자인패턴\자료구조와알고리즘\예제\chapter_4\priorityqueue\usefulheap.cpp(70): error C2039: 'heapArr': '_heap'의 멤버가 아닙니다.
  c:\work\woochancho\자료구조&디자인패턴\자료구조와알고리즘\예제\chapter_4\priorityqueue\usefulheap.h(18): note: '_heap' 선언을 참조하십시오.
c:\work\woochancho\자료구조&디자인패턴\자료구조와알고리즘\예제\chapter_4\priorityqueue\usefulheap.cpp(70): error C2065: 'data': 선언되지 않은 식별자입니다.
c:\work\woochancho\자료구조&디자인패턴\자료구조와알고리즘\예제\chapter_4\priorityqueue\usefulheap.cpp(74): error C4430: 형식 지정자가 없습니다. int로 가정합니다. 참고: C++에서는 기본 int를 지원하지 않습니다.
c:\work\woochancho\자료구조&디자인패턴\자료구조와알고리즘\예제\chapter_4\priorityqueue\usefulheap.cpp(74): error C2086: 'int HData': 재정의
  c:\work\woochancho\자료구조&디자인패턴\자료구조와알고리즘\예제\chapter_4\priorityqueue\usefulheap.h(11): note: 'HData' 선언을 참조하십시오.
c:\work\woochancho\자료구조&디자인패턴\자료구조와알고리즘\예제\chapter_4\priorityqueue\usefulheap.cpp(74): error C2146: 구문 오류: ';'이(가) 'HDelete' 식별자 앞에 없습니다.
c:\work\woochancho\자료구조&디자인패턴\자료구조와알고리즘\예제\chapter_4\priorityqueue\usefulheap.cpp(75): error C2143: 구문 오류: ';'이(가) '{' 앞에 없습니다.
c:\work\woochancho\자료구조&디자인패턴\자료구조와알고리즘\예제\chapter_4\priorityqueue\usefulheap.cpp(75): error C2447: '{': 함수 헤더가 없습니다. 이전 스타일의 형식 목록입니까?
  코드를 생성하고 있습니다...
