  Play.cpp
c:\users\a10\desktop\woochancho\베네치아\베네치아\draw.h(24): warning C4838: 'int'에서 'SHORT'(으)로의 변환에는 축소 변환이 필요합니다.
c:\users\a10\desktop\woochancho\베네치아\베네치아\play.cpp(10): warning C4311: '형식 캐스트': 'time_t (__cdecl *)(time_t *const )'에서 'unsigned int'(으)로 포인터가 잘립니다.
c:\users\a10\desktop\woochancho\베네치아\베네치아\play.cpp(10): warning C4302: '형식 캐스트': 'time_t (__cdecl *)(time_t *const )'에서 'unsigned int'(으)로 잘립니다.
c:\users\a10\desktop\woochancho\베네치아\베네치아\play.cpp(8): warning C4996: 'sprintf': This function or variable may be unsafe. Consider using sprintf_s instead. To disable deprecation, use _CRT_SECURE_NO_WARNINGS. See online help for details.
  c:\program files (x86)\windows kits\10\include\10.0.17763.0\ucrt\stdio.h(1774): note: 'sprintf' 선언을 참조하십시오.
c:\users\a10\desktop\woochancho\베네치아\베네치아\play.cpp(21): warning C4244: '인수': 'double'에서 'int'(으)로 변환하면서 데이터가 손실될 수 있습니다.
c:\users\a10\desktop\woochancho\베네치아\베네치아\play.cpp(22): warning C4244: '인수': 'double'에서 'int'(으)로 변환하면서 데이터가 손실될 수 있습니다.
c:\users\a10\desktop\woochancho\베네치아\베네치아\play.cpp(23): warning C4244: '인수': 'double'에서 'int'(으)로 변환하면서 데이터가 손실될 수 있습니다.
c:\users\a10\desktop\woochancho\베네치아\베네치아\play.cpp(24): warning C4244: '인수': 'double'에서 'int'(으)로 변환하면서 데이터가 손실될 수 있습니다.
c:\users\a10\desktop\woochancho\베네치아\베네치아\play.cpp(25): warning C4244: '인수': 'double'에서 'int'(으)로 변환하면서 데이터가 손실될 수 있습니다.
c:\users\a10\desktop\woochancho\베네치아\베네치아\play.cpp(72): warning C4244: '인수': 'double'에서 'int'(으)로 변환하면서 데이터가 손실될 수 있습니다.
c:\users\a10\desktop\woochancho\베네치아\베네치아\play.cpp(73): warning C4244: '인수': 'double'에서 'int'(으)로 변환하면서 데이터가 손실될 수 있습니다.
c:\users\a10\desktop\woochancho\베네치아\베네치아\play.cpp(77): warning C4244: '인수': 'double'에서 'int'(으)로 변환하면서 데이터가 손실될 수 있습니다.
c:\users\a10\desktop\woochancho\베네치아\베네치아\play.cpp(89): warning C4244: '인수': 'double'에서 'int'(으)로 변환하면서 데이터가 손실될 수 있습니다.
c:\users\a10\desktop\woochancho\베네치아\베네치아\play.cpp(90): warning C4244: '인수': 'double'에서 'int'(으)로 변환하면서 데이터가 손실될 수 있습니다.
c:\users\a10\desktop\woochancho\베네치아\베네치아\play.cpp(106): warning C4244: '인수': 'double'에서 'int'(으)로 변환하면서 데이터가 손실될 수 있습니다.
c:\users\a10\desktop\woochancho\베네치아\베네치아\play.cpp(107): warning C4244: '인수': 'double'에서 'int'(으)로 변환하면서 데이터가 손실될 수 있습니다.
c:\users\a10\desktop\woochancho\베네치아\베네치아\play.cpp(110): warning C4244: '인수': 'double'에서 'int'(으)로 변환하면서 데이터가 손실될 수 있습니다.
c:\users\a10\desktop\woochancho\베네치아\베네치아\play.cpp(93): warning C4996: 'getch': The POSIX name for this item is deprecated. Instead, use the ISO C and C++ conformant name: _getch. See online help for details.
  c:\program files (x86)\windows kits\10\include\10.0.17763.0\ucrt\conio.h(453): note: 'getch' 선언을 참조하십시오.
c:\users\a10\desktop\woochancho\베네치아\베네치아\play.cpp(136): warning C4244: '인수': 'double'에서 'int'(으)로 변환하면서 데이터가 손실될 수 있습니다.
c:\users\a10\desktop\woochancho\베네치아\베네치아\play.cpp(137): warning C4244: '인수': 'double'에서 'int'(으)로 변환하면서 데이터가 손실될 수 있습니다.
c:\users\a10\desktop\woochancho\베네치아\베네치아\play.cpp(149): warning C4244: '인수': 'double'에서 'int'(으)로 변환하면서 데이터가 손실될 수 있습니다.
c:\users\a10\desktop\woochancho\베네치아\베네치아\play.cpp(151): warning C4244: '인수': 'double'에서 'int'(으)로 변환하면서 데이터가 손실될 수 있습니다.
c:\users\a10\desktop\woochancho\베네치아\베네치아\play.cpp(147): warning C4996: 'sprintf': This function or variable may be unsafe. Consider using sprintf_s instead. To disable deprecation, use _CRT_SECURE_NO_WARNINGS. See online help for details.
  c:\program files (x86)\windows kits\10\include\10.0.17763.0\ucrt\stdio.h(1774): note: 'sprintf' 선언을 참조하십시오.
c:\users\a10\desktop\woochancho\베네치아\베네치아\play.cpp(155): warning C4996: 'getch': The POSIX name for this item is deprecated. Instead, use the ISO C and C++ conformant name: _getch. See online help for details.
  c:\program files (x86)\windows kits\10\include\10.0.17763.0\ucrt\conio.h(453): note: 'getch' 선언을 참조하십시오.
  베네치아.vcxproj -> C:\Users\A10\Desktop\woochancho\베네치아\x64\Debug\베네치아.exe
